\BOOKMARK [1][-]{section.1}{\376\377\0001\000\040\000B\000e\000v\000e\000z\000e\000t\000\351\000s}{}% 1
\BOOKMARK [2][-]{subsection.1.1}{\376\377\0001\000.\0001\000\040\000M\000o\000t\000i\000v\000\341\000c\000i\000\363\000\040\000\351\000s\000\040\000c\000\351\000l\000k\000i\000t\001\161\000z\000\351\000s}{section.1}% 2
\BOOKMARK [2][-]{subsection.1.2}{\376\377\0001\000.\0002\000\040\000A\000\040\000m\000u\000t\000\341\000c\000i\000\363\000s\000\040\000t\000e\000s\000z\000t\000e\000l\000\351\000s\000r\001\121\000l}{section.1}% 3
\BOOKMARK [1][-]{section.2}{\376\377\0002\000\040\000E\000l\000t\000e\000r\000j\000e\000d\000t\000\040\000m\000u\000t\000\341\000c\000i\000\363\000s\000\040\000t\000e\000s\000z\000t\000e\000l\000\351\000s\000i\000\040\000e\000s\000z\000k\000\366\000z\000\366\000k}{}% 4
\BOOKMARK [2][-]{subsection.2.1}{\376\377\0002\000.\0001\000\040\000M\000A\000J\000O\000R\000\040\000M\000u\000t\000a\000t\000i\000o\000n\000\040\000F\000r\000a\000m\000e\000w\000o\000r\000k}{section.2}% 5
\BOOKMARK [2][-]{subsection.2.2}{\376\377\0002\000.\0002\000\040\000P\000I\000T\000e\000s\000t}{section.2}% 6
\BOOKMARK [1][-]{section.3}{\376\377\0003\000\040\000S\000a\000j\000\341\000t\000\040\000e\000s\000z\000k\000\366\000z\000\040\000m\000e\000g\000t\000e\000r\000v\000e\000z\000\351\000s\000e}{}% 7
\BOOKMARK [2][-]{subsection.3.1}{\376\377\0003\000.\0001\000\040\000F\000o\000r\000r\000\341\000s\000k\000\363\000d\000\040\000v\000a\000g\000y\000\040\000b\000y\000t\000e\000k\000\363\000d\000\040\000m\000a\000n\000i\000p\000u\000l\000\341\000c\000i\000\363\000?}{section.3}% 8
\BOOKMARK [3][-]{subsubsection.3.1.1}{\376\377\0003\000.\0001\000.\0001\000\040\000F\000o\000r\000r\000\341\000s\000k\000\363\000d\000\040\000m\000a\000n\000i\000p\000u\000l\000\341\000c\000i\000\363}{subsection.3.1}% 9
\BOOKMARK [3][-]{subsubsection.3.1.2}{\376\377\0003\000.\0001\000.\0002\000\040\000B\000y\000t\000e\000k\000\363\000d\000\040\000m\000a\000n\000i\000p\000u\000l\000\341\000c\000i\000\363}{subsection.3.1}% 10
\BOOKMARK [3][-]{subsubsection.3.1.3}{\376\377\0003\000.\0001\000.\0003\000\040\000F\000o\000r\000d\000\355\000t\000\363\000b\000a\000\040\000i\000n\000t\000e\000g\000r\000\341\000l\000t}{subsection.3.1}% 11
\BOOKMARK [3][-]{subsubsection.3.1.4}{\376\377\0003\000.\0001\000.\0004\000\040\000D\000\366\000n\000t\000\351\000s}{subsection.3.1}% 12
\BOOKMARK [2][-]{subsection.3.2}{\376\377\0003\000.\0002\000\040\000L\000e\000f\000e\000d\000e\000t\000t\000\040\000k\000\363\000d\000o\000k\000\040\000a\000z\000o\000n\000o\000s\000\355\000t\000\341\000s\000a}{section.3}% 13
\BOOKMARK [3][-]{subsubsection.3.2.1}{\376\377\0003\000.\0002\000.\0001\000\040\000S\000t\000a\000t\000i\000k\000u\000s\000\040\000a\000n\000a\000l\000\355\000z\000i\000s\000\040\000a\000l\000a\000p\000j\000\341\000n}{subsection.3.2}% 14
\BOOKMARK [3][-]{subsubsection.3.2.2}{\376\377\0003\000.\0002\000.\0002\000\040\000E\000l\000n\000e\000v\000e\000z\000\351\000s\000i\000\040\000k\000o\000n\000v\000e\000n\000c\000i\000\363\000k\000\040\000a\000l\000a\000p\000j\000\341\000n}{subsection.3.2}% 15
\BOOKMARK [3][-]{subsubsection.3.2.3}{\376\377\0003\000.\0002\000.\0003\000\040\000D\000\366\000n\000t\000\351\000s}{subsection.3.2}% 16
\BOOKMARK [2][-]{subsection.3.3}{\376\377\0003\000.\0003\000\040\000M\000u\000t\000\341\000c\000i\000\363\000s\000\040\000o\000p\000e\000r\000\341\000t\000o\000r\000o\000k}{section.3}% 17
\BOOKMARK [2][-]{subsection.3.4}{\376\377\0003\000.\0004\000\040\000M\000u\000t\000\341\000c\000i\000\363\000k\000\040\000b\000e\000i\000l\000l\000e\000s\000z\000t\000\351\000s\000e\000\040\000k\000\363\000d\000b\000a}{section.3}% 18
\BOOKMARK [3][-]{subsubsection.3.4.1}{\376\377\0003\000.\0004\000.\0001\000\040\000E\000l\000\341\000g\000a\000z\000\341\000s\000-\000s\000t\000r\000u\000k\000t\000\372\000r\000a}{subsection.3.4}% 19
\BOOKMARK [3][-]{subsubsection.3.4.2}{\376\377\0003\000.\0004\000.\0002\000\040\000K\000\374\000l\000\366\000n\000\040\000f\000i\000l\000e\000b\000a\000\040\000\355\000r\000\341\000s}{subsection.3.4}% 20
\BOOKMARK [3][-]{subsubsection.3.4.3}{\376\377\0003\000.\0004\000.\0003\000\040\000D\000\366\000n\000t\000\351\000s}{subsection.3.4}% 21
\BOOKMARK [2][-]{subsection.3.5}{\376\377\0003\000.\0005\000\040\000T\000e\000s\000z\000t\000e\000k\000\040\000f\000u\000t\000t\000a\000t\000\341\000s\000a\000,\000\040\000k\000i\000\351\000r\000t\000\351\000k\000e\000l\000\351\000s\000e}{section.3}% 22
\BOOKMARK [3][-]{subsubsection.3.5.1}{\376\377\0003\000.\0005\000.\0001\000\040\000F\000e\000l\000\374\000g\000y\000e\000l\000e\000t\000\040\000a\000\040\000f\000u\000t\000t\000a\000t\000\341\000s\000\040\000f\000e\000l\000e\000t\000t\000,\000\040\000p\000\341\000r\000h\000u\000z\000a\000m\000o\000s\000\040\000f\000u\000t\000t\000a\000t\000\341\000s}{subsection.3.5}% 23
\BOOKMARK [2][-]{subsection.3.6}{\376\377\0003\000.\0006\000\040\000K\000i\000m\000e\000n\000e\000t\000\040\000f\000o\000r\000m\000\341\000t\000u\000m\000a}{section.3}% 24
\BOOKMARK [1][-]{section.4}{\376\377\0004\000\040\000S\000a\000j\000\341\000t\000\040\000e\000s\000z\000k\000\366\000z\000\040\000f\000e\000j\000l\000e\000s\000z\000t\000\351\000s\000e}{}% 25
\BOOKMARK [2][-]{subsection.4.1}{\376\377\0004\000.\0001\000\040\000P\000r\000o\000g\000r\000a\000m\000s\000t\000r\000u\000k\000t\000\372\000r\000a}{section.4}% 26
\BOOKMARK [2][-]{subsection.4.2}{\376\377\0004\000.\0002\000\040\000A\000S\000M\000\040\000F\000r\000a\000m\000e\000w\000o\000r\000k}{section.4}% 27
\BOOKMARK [2][-]{subsection.4.3}{\376\377\0004\000.\0003\000\040\000A\000\040\000m\000u\000t\000\341\000n\000s\000o\000k\000a\000t\000\040\000e\000l\001\121\000\341\000l\000l\000\355\000t\000\363\000\040\000J\000a\000v\000a\000\040\000p\000r\000o\000g\000r\000a\000m}{section.4}% 28
\BOOKMARK [3][-]{subsubsection.4.3.1}{\376\377\0004\000.\0003\000.\0001\000\040\000S\000t\000a\000t\000i\000k\000u\000s\000\040\000a\000n\000a\000l\000\355\000z\000i\000s}{subsection.4.3}% 29
\BOOKMARK [3][-]{subsubsection.4.3.2}{\376\377\0004\000.\0003\000.\0002\000\040\000M\000u\000t\000a\000t\000o\000r}{subsection.4.3}% 30
\BOOKMARK [2][-]{subsection.4.4}{\376\377\0004\000.\0004\000\040\000S\000h\000e\000l\000l\000\040\000p\000r\000o\000g\000r\000a\000m}{section.4}% 31
\BOOKMARK [2][-]{subsection.4.5}{\376\377\0004\000.\0005\000\040\000K\000i\000p\000r\000\363\000b\000\341\000l\000\341\000s}{section.4}% 32
\BOOKMARK [3][-]{subsubsection.4.5.1}{\376\377\0004\000.\0005\000.\0001\000\040\000H\000i\000\341\000n\000y\000o\000s\000s\000\341\000g\000o\000k\000\040\000\351\000s\000\040\000n\000e\000h\000\351\000z\000s\000\351\000g\000e\000k}{subsection.4.5}% 33
\BOOKMARK [3][-]{subsubsection.4.5.2}{\376\377\0004\000.\0005\000.\0002\000\040\000T\000e\000s\000z\000t\000e\000l\000\351\000s\000\040\000e\000g\000y\000\040\000n\000a\000g\000y\000\040\000p\000r\000o\000j\000e\000k\000t\000e\000n}{subsection.4.5}% 34
\BOOKMARK [1][-]{section.5}{\376\377\0005\000\040\000V\000\351\000g\000s\000z\000\363}{}% 35
